<testsuites id="" name="" tests="6" failures="6" skipped="0" errors="0" time="135.47408299999998">
<testsuite name="chat-auth-guard.spec.ts" timestamp="2026-04-09T18:18:08.374Z" hostname="chromium" tests="6" failures="6" skipped="0" time="111.976" errors="0">
<testcase name="Chat Page — Auth Guard › unauthenticated user is redirected from /chat to /login" classname="chat-auth-guard.spec.ts" time="18.718">
<system-out>
<![CDATA[
[[ATTACHMENT|test-results/chat-auth-guard-Chat-Page--424b2-directed-from-chat-to-login-chromium/test-failed-1.png]]

[[ATTACHMENT|test-results/chat-auth-guard-Chat-Page--424b2-directed-from-chat-to-login-chromium/video.webm]]

[[ATTACHMENT|test-results/chat-auth-guard-Chat-Page--424b2-directed-from-chat-to-login-chromium/error-context.md]]

[[ATTACHMENT|test-results/chat-auth-guard-Chat-Page--424b2-directed-from-chat-to-login-chromium-retry1/test-failed-1.png]]

[[ATTACHMENT|test-results/chat-auth-guard-Chat-Page--424b2-directed-from-chat-to-login-chromium-retry1/video.webm]]

[[ATTACHMENT|test-results/chat-auth-guard-Chat-Page--424b2-directed-from-chat-to-login-chromium-retry1/error-context.md]]

[[ATTACHMENT|test-results/chat-auth-guard-Chat-Page--424b2-directed-from-chat-to-login-chromium-retry1/trace.zip]]
]]>
</system-out>
<failure message="expect(page).toHaveURL(expected) failed" type="expect.toHaveURL">
<![CDATA[  [chromium] › chat-auth-guard.spec.ts:12:7 › Chat Page — Auth Guard › unauthenticated user is redirected from /chat to /login 

    Error: expect(page).toHaveURL(expected) failed

    Expected: "http://localhost:3000/login"
    Received: "http://localhost:3000/chat"
    Timeout:  8000ms

    Call log:
      - Expect "toHaveURL" with timeout 8000ms
        11 × unexpected value "http://localhost:3000/chat"


      18 |     await page.goto('/chat')
      19 |     // The layout catches the error and redirects
    > 20 |     await expect(page).toHaveURL('/login', { timeout: 8000 })
         |                        ^
      21 |   })
      22 |
      23 |   test('unauthenticated user accessing /chat/some-id is redirected to /login', async ({ page }) => {
        at /home/addy/code/patra-saar/apps/web/e2e/chat-auth-guard.spec.ts:20:24

    attachment #1: screenshot (image/png) ──────────────────────────────────────────────────────────
    ../test-results/chat-auth-guard-Chat-Page--424b2-directed-from-chat-to-login-chromium/test-failed-1.png
    ────────────────────────────────────────────────────────────────────────────────────────────────

    attachment #2: video (video/webm) ──────────────────────────────────────────────────────────────
    ../test-results/chat-auth-guard-Chat-Page--424b2-directed-from-chat-to-login-chromium/video.webm
    ────────────────────────────────────────────────────────────────────────────────────────────────

    Error Context: ../test-results/chat-auth-guard-Chat-Page--424b2-directed-from-chat-to-login-chromium/error-context.md

    Retry #1 ───────────────────────────────────────────────────────────────────────────────────────

    Error: expect(page).toHaveURL(expected) failed

    Expected: "http://localhost:3000/login"
    Received: "http://localhost:3000/chat"
    Timeout:  8000ms

    Call log:
      - Expect "toHaveURL" with timeout 8000ms
        11 × unexpected value "http://localhost:3000/chat"


      18 |     await page.goto('/chat')
      19 |     // The layout catches the error and redirects
    > 20 |     await expect(page).toHaveURL('/login', { timeout: 8000 })
         |                        ^
      21 |   })
      22 |
      23 |   test('unauthenticated user accessing /chat/some-id is redirected to /login', async ({ page }) => {
        at /home/addy/code/patra-saar/apps/web/e2e/chat-auth-guard.spec.ts:20:24

    attachment #1: screenshot (image/png) ──────────────────────────────────────────────────────────
    ../test-results/chat-auth-guard-Chat-Page--424b2-directed-from-chat-to-login-chromium-retry1/test-failed-1.png
    ────────────────────────────────────────────────────────────────────────────────────────────────

    attachment #2: video (video/webm) ──────────────────────────────────────────────────────────────
    ../test-results/chat-auth-guard-Chat-Page--424b2-directed-from-chat-to-login-chromium-retry1/video.webm
    ────────────────────────────────────────────────────────────────────────────────────────────────

    Error Context: ../test-results/chat-auth-guard-Chat-Page--424b2-directed-from-chat-to-login-chromium-retry1/error-context.md

    attachment #4: trace (application/zip) ─────────────────────────────────────────────────────────
    ../test-results/chat-auth-guard-Chat-Page--424b2-directed-from-chat-to-login-chromium-retry1/trace.zip
    Usage:

        npx playwright show-trace ../test-results/chat-auth-guard-Chat-Page--424b2-directed-from-chat-to-login-chromium-retry1/trace.zip

    ────────────────────────────────────────────────────────────────────────────────────────────────
]]>
</failure>
</testcase>
<testcase name="Chat Page — Auth Guard › unauthenticated user accessing /chat/some-id is redirected to /login" classname="chat-auth-guard.spec.ts" time="18.428">
<system-out>
<![CDATA[
[[ATTACHMENT|test-results/chat-auth-guard-Chat-Page--d3043-e-id-is-redirected-to-login-chromium/test-failed-1.png]]

[[ATTACHMENT|test-results/chat-auth-guard-Chat-Page--d3043-e-id-is-redirected-to-login-chromium/video.webm]]

[[ATTACHMENT|test-results/chat-auth-guard-Chat-Page--d3043-e-id-is-redirected-to-login-chromium/error-context.md]]

[[ATTACHMENT|test-results/chat-auth-guard-Chat-Page--d3043-e-id-is-redirected-to-login-chromium-retry1/test-failed-1.png]]

[[ATTACHMENT|test-results/chat-auth-guard-Chat-Page--d3043-e-id-is-redirected-to-login-chromium-retry1/video.webm]]

[[ATTACHMENT|test-results/chat-auth-guard-Chat-Page--d3043-e-id-is-redirected-to-login-chromium-retry1/error-context.md]]

[[ATTACHMENT|test-results/chat-auth-guard-Chat-Page--d3043-e-id-is-redirected-to-login-chromium-retry1/trace.zip]]
]]>
</system-out>
<failure message="expect(page).toHaveURL(expected) failed" type="expect.toHaveURL">
<![CDATA[  [chromium] › chat-auth-guard.spec.ts:23:7 › Chat Page — Auth Guard › unauthenticated user accessing /chat/some-id is redirected to /login 

    Error: expect(page).toHaveURL(expected) failed

    Expected: "http://localhost:3000/login"
    Received: "http://localhost:3000/chat/some-fake-id"
    Timeout:  8000ms

    Call log:
      - Expect "toHaveURL" with timeout 8000ms
        11 × unexpected value "http://localhost:3000/chat/some-fake-id"


      27 |
      28 |     await page.goto('/chat/some-fake-id')
    > 29 |     await expect(page).toHaveURL('/login', { timeout: 8000 })
         |                        ^
      30 |   })
      31 |
      32 |   test('authenticated user sees chat UI on /chat', async ({ page }) => {
        at /home/addy/code/patra-saar/apps/web/e2e/chat-auth-guard.spec.ts:29:24

    attachment #1: screenshot (image/png) ──────────────────────────────────────────────────────────
    ../test-results/chat-auth-guard-Chat-Page--d3043-e-id-is-redirected-to-login-chromium/test-failed-1.png
    ────────────────────────────────────────────────────────────────────────────────────────────────

    attachment #2: video (video/webm) ──────────────────────────────────────────────────────────────
    ../test-results/chat-auth-guard-Chat-Page--d3043-e-id-is-redirected-to-login-chromium/video.webm
    ────────────────────────────────────────────────────────────────────────────────────────────────

    Error Context: ../test-results/chat-auth-guard-Chat-Page--d3043-e-id-is-redirected-to-login-chromium/error-context.md

    Retry #1 ───────────────────────────────────────────────────────────────────────────────────────

    Error: expect(page).toHaveURL(expected) failed

    Expected: "http://localhost:3000/login"
    Received: "http://localhost:3000/chat/some-fake-id"
    Timeout:  8000ms

    Call log:
      - Expect "toHaveURL" with timeout 8000ms
        12 × unexpected value "http://localhost:3000/chat/some-fake-id"


      27 |
      28 |     await page.goto('/chat/some-fake-id')
    > 29 |     await expect(page).toHaveURL('/login', { timeout: 8000 })
         |                        ^
      30 |   })
      31 |
      32 |   test('authenticated user sees chat UI on /chat', async ({ page }) => {
        at /home/addy/code/patra-saar/apps/web/e2e/chat-auth-guard.spec.ts:29:24

    attachment #1: screenshot (image/png) ──────────────────────────────────────────────────────────
    ../test-results/chat-auth-guard-Chat-Page--d3043-e-id-is-redirected-to-login-chromium-retry1/test-failed-1.png
    ────────────────────────────────────────────────────────────────────────────────────────────────

    attachment #2: video (video/webm) ──────────────────────────────────────────────────────────────
    ../test-results/chat-auth-guard-Chat-Page--d3043-e-id-is-redirected-to-login-chromium-retry1/video.webm
    ────────────────────────────────────────────────────────────────────────────────────────────────

    Error Context: ../test-results/chat-auth-guard-Chat-Page--d3043-e-id-is-redirected-to-login-chromium-retry1/error-context.md

    attachment #4: trace (application/zip) ─────────────────────────────────────────────────────────
    ../test-results/chat-auth-guard-Chat-Page--d3043-e-id-is-redirected-to-login-chromium-retry1/trace.zip
    Usage:

        npx playwright show-trace ../test-results/chat-auth-guard-Chat-Page--d3043-e-id-is-redirected-to-login-chromium-retry1/trace.zip

    ────────────────────────────────────────────────────────────────────────────────────────────────
]]>
</failure>
</testcase>
<testcase name="Chat Page — Auth Guard › authenticated user sees chat UI on /chat" classname="chat-auth-guard.spec.ts" time="18.805">
<system-out>
<![CDATA[
[[ATTACHMENT|test-results/chat-auth-guard-Chat-Page--3dbad-d-user-sees-chat-UI-on-chat-chromium/test-failed-1.png]]

[[ATTACHMENT|test-results/chat-auth-guard-Chat-Page--3dbad-d-user-sees-chat-UI-on-chat-chromium/video.webm]]

[[ATTACHMENT|test-results/chat-auth-guard-Chat-Page--3dbad-d-user-sees-chat-UI-on-chat-chromium/error-context.md]]

[[ATTACHMENT|test-results/chat-auth-guard-Chat-Page--3dbad-d-user-sees-chat-UI-on-chat-chromium-retry1/test-failed-1.png]]

[[ATTACHMENT|test-results/chat-auth-guard-Chat-Page--3dbad-d-user-sees-chat-UI-on-chat-chromium-retry1/video.webm]]

[[ATTACHMENT|test-results/chat-auth-guard-Chat-Page--3dbad-d-user-sees-chat-UI-on-chat-chromium-retry1/error-context.md]]

[[ATTACHMENT|test-results/chat-auth-guard-Chat-Page--3dbad-d-user-sees-chat-UI-on-chat-chromium-retry1/trace.zip]]
]]>
</system-out>
<failure message="expect(locator).toBeVisible() failed" type="expect.toBeVisible">
<![CDATA[  [chromium] › chat-auth-guard.spec.ts:32:7 › Chat Page — Auth Guard › authenticated user sees chat UI on /chat 

    Error: expect(locator).toBeVisible() failed

    Locator: getByText('PatraSaar')
    Expected: visible
    Timeout: 8000ms
    Error: element(s) not found

    Call log:
      - Expect "toBeVisible" with timeout 8000ms
      - waiting for getByText('PatraSaar')


      53 |     await expect(page).toHaveURL('/chat')
      54 |     // Sidebar logo should be visible
    > 55 |     await expect(page.getByText('PatraSaar')).toBeVisible()
         |                                               ^
      56 |   })
      57 |
      58 |   test('authenticated user sees chat sidebar with "New chat" button', async ({ page }) => {
        at /home/addy/code/patra-saar/apps/web/e2e/chat-auth-guard.spec.ts:55:47

    attachment #1: screenshot (image/png) ──────────────────────────────────────────────────────────
    ../test-results/chat-auth-guard-Chat-Page--3dbad-d-user-sees-chat-UI-on-chat-chromium/test-failed-1.png
    ────────────────────────────────────────────────────────────────────────────────────────────────

    attachment #2: video (video/webm) ──────────────────────────────────────────────────────────────
    ../test-results/chat-auth-guard-Chat-Page--3dbad-d-user-sees-chat-UI-on-chat-chromium/video.webm
    ────────────────────────────────────────────────────────────────────────────────────────────────

    Error Context: ../test-results/chat-auth-guard-Chat-Page--3dbad-d-user-sees-chat-UI-on-chat-chromium/error-context.md

    Retry #1 ───────────────────────────────────────────────────────────────────────────────────────

    Error: expect(locator).toBeVisible() failed

    Locator: getByText('PatraSaar')
    Expected: visible
    Timeout: 8000ms
    Error: element(s) not found

    Call log:
      - Expect "toBeVisible" with timeout 8000ms
      - waiting for getByText('PatraSaar')


      53 |     await expect(page).toHaveURL('/chat')
      54 |     // Sidebar logo should be visible
    > 55 |     await expect(page.getByText('PatraSaar')).toBeVisible()
         |                                               ^
      56 |   })
      57 |
      58 |   test('authenticated user sees chat sidebar with "New chat" button', async ({ page }) => {
        at /home/addy/code/patra-saar/apps/web/e2e/chat-auth-guard.spec.ts:55:47

    attachment #1: screenshot (image/png) ──────────────────────────────────────────────────────────
    ../test-results/chat-auth-guard-Chat-Page--3dbad-d-user-sees-chat-UI-on-chat-chromium-retry1/test-failed-1.png
    ────────────────────────────────────────────────────────────────────────────────────────────────

    attachment #2: video (video/webm) ──────────────────────────────────────────────────────────────
    ../test-results/chat-auth-guard-Chat-Page--3dbad-d-user-sees-chat-UI-on-chat-chromium-retry1/video.webm
    ────────────────────────────────────────────────────────────────────────────────────────────────

    Error Context: ../test-results/chat-auth-guard-Chat-Page--3dbad-d-user-sees-chat-UI-on-chat-chromium-retry1/error-context.md

    attachment #4: trace (application/zip) ─────────────────────────────────────────────────────────
    ../test-results/chat-auth-guard-Chat-Page--3dbad-d-user-sees-chat-UI-on-chat-chromium-retry1/trace.zip
    Usage:

        npx playwright show-trace ../test-results/chat-auth-guard-Chat-Page--3dbad-d-user-sees-chat-UI-on-chat-chromium-retry1/trace.zip

    ────────────────────────────────────────────────────────────────────────────────────────────────
]]>
</failure>
</testcase>
<testcase name="Chat Page — Auth Guard › authenticated user sees chat sidebar with &quot;New chat&quot; button" classname="chat-auth-guard.spec.ts" time="18.722">
<system-out>
<![CDATA[
[[ATTACHMENT|test-results/chat-auth-guard-Chat-Page--ddf16-idebar-with-New-chat-button-chromium/test-failed-1.png]]

[[ATTACHMENT|test-results/chat-auth-guard-Chat-Page--ddf16-idebar-with-New-chat-button-chromium/video.webm]]

[[ATTACHMENT|test-results/chat-auth-guard-Chat-Page--ddf16-idebar-with-New-chat-button-chromium/error-context.md]]

[[ATTACHMENT|test-results/chat-auth-guard-Chat-Page--ddf16-idebar-with-New-chat-button-chromium-retry1/test-failed-1.png]]

[[ATTACHMENT|test-results/chat-auth-guard-Chat-Page--ddf16-idebar-with-New-chat-button-chromium-retry1/video.webm]]

[[ATTACHMENT|test-results/chat-auth-guard-Chat-Page--ddf16-idebar-with-New-chat-button-chromium-retry1/error-context.md]]

[[ATTACHMENT|test-results/chat-auth-guard-Chat-Page--ddf16-idebar-with-New-chat-button-chromium-retry1/trace.zip]]
]]>
</system-out>
<failure message="expect(locator).toBeVisible() failed" type="expect.toBeVisible">
<![CDATA[  [chromium] › chat-auth-guard.spec.ts:58:7 › Chat Page — Auth Guard › authenticated user sees chat sidebar with "New chat" button 

    Error: expect(locator).toBeVisible() failed

    Locator: getByRole('button', { name: /New chat/i })
    Expected: visible
    Timeout: 8000ms
    Error: element(s) not found

    Call log:
      - Expect "toBeVisible" with timeout 8000ms
      - waiting for getByRole('button', { name: /New chat/i })


      75 |     await expect(page).toHaveURL('/chat')
      76 |     // New chat button (aria-label="New chat")
    > 77 |     await expect(page.getByRole('button', { name: /New chat/i })).toBeVisible()
         |                                                                   ^
      78 |   })
      79 |
      80 |   test('authenticated user sees "No chats yet" empty state in sidebar', async ({ page }) => {
        at /home/addy/code/patra-saar/apps/web/e2e/chat-auth-guard.spec.ts:77:67

    attachment #1: screenshot (image/png) ──────────────────────────────────────────────────────────
    ../test-results/chat-auth-guard-Chat-Page--ddf16-idebar-with-New-chat-button-chromium/test-failed-1.png
    ────────────────────────────────────────────────────────────────────────────────────────────────

    attachment #2: video (video/webm) ──────────────────────────────────────────────────────────────
    ../test-results/chat-auth-guard-Chat-Page--ddf16-idebar-with-New-chat-button-chromium/video.webm
    ────────────────────────────────────────────────────────────────────────────────────────────────

    Error Context: ../test-results/chat-auth-guard-Chat-Page--ddf16-idebar-with-New-chat-button-chromium/error-context.md

    Retry #1 ───────────────────────────────────────────────────────────────────────────────────────

    Error: expect(locator).toBeVisible() failed

    Locator: getByRole('button', { name: /New chat/i })
    Expected: visible
    Timeout: 8000ms
    Error: element(s) not found

    Call log:
      - Expect "toBeVisible" with timeout 8000ms
      - waiting for getByRole('button', { name: /New chat/i })


      75 |     await expect(page).toHaveURL('/chat')
      76 |     // New chat button (aria-label="New chat")
    > 77 |     await expect(page.getByRole('button', { name: /New chat/i })).toBeVisible()
         |                                                                   ^
      78 |   })
      79 |
      80 |   test('authenticated user sees "No chats yet" empty state in sidebar', async ({ page }) => {
        at /home/addy/code/patra-saar/apps/web/e2e/chat-auth-guard.spec.ts:77:67

    attachment #1: screenshot (image/png) ──────────────────────────────────────────────────────────
    ../test-results/chat-auth-guard-Chat-Page--ddf16-idebar-with-New-chat-button-chromium-retry1/test-failed-1.png
    ────────────────────────────────────────────────────────────────────────────────────────────────

    attachment #2: video (video/webm) ──────────────────────────────────────────────────────────────
    ../test-results/chat-auth-guard-Chat-Page--ddf16-idebar-with-New-chat-button-chromium-retry1/video.webm
    ────────────────────────────────────────────────────────────────────────────────────────────────

    Error Context: ../test-results/chat-auth-guard-Chat-Page--ddf16-idebar-with-New-chat-button-chromium-retry1/error-context.md

    attachment #4: trace (application/zip) ─────────────────────────────────────────────────────────
    ../test-results/chat-auth-guard-Chat-Page--ddf16-idebar-with-New-chat-button-chromium-retry1/trace.zip
    Usage:

        npx playwright show-trace ../test-results/chat-auth-guard-Chat-Page--ddf16-idebar-with-New-chat-button-chromium-retry1/trace.zip

    ────────────────────────────────────────────────────────────────────────────────────────────────
]]>
</failure>
</testcase>
<testcase name="Chat Page — Auth Guard › authenticated user sees &quot;No chats yet&quot; empty state in sidebar" classname="chat-auth-guard.spec.ts" time="18.688">
<system-out>
<![CDATA[
[[ATTACHMENT|test-results/chat-auth-guard-Chat-Page--e40cd--yet-empty-state-in-sidebar-chromium/test-failed-1.png]]

[[ATTACHMENT|test-results/chat-auth-guard-Chat-Page--e40cd--yet-empty-state-in-sidebar-chromium/video.webm]]

[[ATTACHMENT|test-results/chat-auth-guard-Chat-Page--e40cd--yet-empty-state-in-sidebar-chromium/error-context.md]]

[[ATTACHMENT|test-results/chat-auth-guard-Chat-Page--e40cd--yet-empty-state-in-sidebar-chromium-retry1/test-failed-1.png]]

[[ATTACHMENT|test-results/chat-auth-guard-Chat-Page--e40cd--yet-empty-state-in-sidebar-chromium-retry1/video.webm]]

[[ATTACHMENT|test-results/chat-auth-guard-Chat-Page--e40cd--yet-empty-state-in-sidebar-chromium-retry1/error-context.md]]

[[ATTACHMENT|test-results/chat-auth-guard-Chat-Page--e40cd--yet-empty-state-in-sidebar-chromium-retry1/trace.zip]]
]]>
</system-out>
<failure message="expect(locator).toBeVisible() failed" type="expect.toBeVisible">
<![CDATA[  [chromium] › chat-auth-guard.spec.ts:80:7 › Chat Page — Auth Guard › authenticated user sees "No chats yet" empty state in sidebar 

    Error: expect(locator).toBeVisible() failed

    Locator: getByText(/No chats yet/i)
    Expected: visible
    Timeout: 8000ms
    Error: element(s) not found

    Call log:
      - Expect "toBeVisible" with timeout 8000ms
      - waiting for getByText(/No chats yet/i)


       95 |
       96 |     await page.goto('/chat')
    >  97 |     await expect(page.getByText(/No chats yet/i)).toBeVisible()
          |                                                   ^
       98 |   })
       99 |
      100 |   test('authenticated user sees existing chats in sidebar', async ({ page }) => {
        at /home/addy/code/patra-saar/apps/web/e2e/chat-auth-guard.spec.ts:97:51

    attachment #1: screenshot (image/png) ──────────────────────────────────────────────────────────
    ../test-results/chat-auth-guard-Chat-Page--e40cd--yet-empty-state-in-sidebar-chromium/test-failed-1.png
    ────────────────────────────────────────────────────────────────────────────────────────────────

    attachment #2: video (video/webm) ──────────────────────────────────────────────────────────────
    ../test-results/chat-auth-guard-Chat-Page--e40cd--yet-empty-state-in-sidebar-chromium/video.webm
    ────────────────────────────────────────────────────────────────────────────────────────────────

    Error Context: ../test-results/chat-auth-guard-Chat-Page--e40cd--yet-empty-state-in-sidebar-chromium/error-context.md

    Retry #1 ───────────────────────────────────────────────────────────────────────────────────────

    Error: expect(locator).toBeVisible() failed

    Locator: getByText(/No chats yet/i)
    Expected: visible
    Timeout: 8000ms
    Error: element(s) not found

    Call log:
      - Expect "toBeVisible" with timeout 8000ms
      - waiting for getByText(/No chats yet/i)


       95 |
       96 |     await page.goto('/chat')
    >  97 |     await expect(page.getByText(/No chats yet/i)).toBeVisible()
          |                                                   ^
       98 |   })
       99 |
      100 |   test('authenticated user sees existing chats in sidebar', async ({ page }) => {
        at /home/addy/code/patra-saar/apps/web/e2e/chat-auth-guard.spec.ts:97:51

    attachment #1: screenshot (image/png) ──────────────────────────────────────────────────────────
    ../test-results/chat-auth-guard-Chat-Page--e40cd--yet-empty-state-in-sidebar-chromium-retry1/test-failed-1.png
    ────────────────────────────────────────────────────────────────────────────────────────────────

    attachment #2: video (video/webm) ──────────────────────────────────────────────────────────────
    ../test-results/chat-auth-guard-Chat-Page--e40cd--yet-empty-state-in-sidebar-chromium-retry1/video.webm
    ────────────────────────────────────────────────────────────────────────────────────────────────

    Error Context: ../test-results/chat-auth-guard-Chat-Page--e40cd--yet-empty-state-in-sidebar-chromium-retry1/error-context.md

    attachment #4: trace (application/zip) ─────────────────────────────────────────────────────────
    ../test-results/chat-auth-guard-Chat-Page--e40cd--yet-empty-state-in-sidebar-chromium-retry1/trace.zip
    Usage:

        npx playwright show-trace ../test-results/chat-auth-guard-Chat-Page--e40cd--yet-empty-state-in-sidebar-chromium-retry1/trace.zip

    ────────────────────────────────────────────────────────────────────────────────────────────────
]]>
</failure>
</testcase>
<testcase name="Chat Page — Auth Guard › authenticated user sees existing chats in sidebar" classname="chat-auth-guard.spec.ts" time="18.615">
<system-out>
<![CDATA[
[[ATTACHMENT|test-results/chat-auth-guard-Chat-Page--c860d-s-existing-chats-in-sidebar-chromium/test-failed-1.png]]

[[ATTACHMENT|test-results/chat-auth-guard-Chat-Page--c860d-s-existing-chats-in-sidebar-chromium/video.webm]]

[[ATTACHMENT|test-results/chat-auth-guard-Chat-Page--c860d-s-existing-chats-in-sidebar-chromium/error-context.md]]

[[ATTACHMENT|test-results/chat-auth-guard-Chat-Page--c860d-s-existing-chats-in-sidebar-chromium-retry1/test-failed-1.png]]

[[ATTACHMENT|test-results/chat-auth-guard-Chat-Page--c860d-s-existing-chats-in-sidebar-chromium-retry1/video.webm]]

[[ATTACHMENT|test-results/chat-auth-guard-Chat-Page--c860d-s-existing-chats-in-sidebar-chromium-retry1/error-context.md]]

[[ATTACHMENT|test-results/chat-auth-guard-Chat-Page--c860d-s-existing-chats-in-sidebar-chromium-retry1/trace.zip]]
]]>
</system-out>
<failure message="expect(locator).toBeVisible() failed" type="expect.toBeVisible">
<![CDATA[  [chromium] › chat-auth-guard.spec.ts:100:7 › Chat Page — Auth Guard › authenticated user sees existing chats in sidebar 

    Error: expect(locator).toBeVisible() failed

    Locator: getByText('IPC Section 420 Query')
    Expected: visible
    Timeout: 8000ms
    Error: element(s) not found

    Call log:
      - Expect "toBeVisible" with timeout 8000ms
      - waiting for getByText('IPC Section 420 Query')


      120 |
      121 |     await page.goto('/chat')
    > 122 |     await expect(page.getByText('IPC Section 420 Query')).toBeVisible()
          |                                                           ^
      123 |     await expect(page.getByText('Employment Contract Review')).toBeVisible()
      124 |   })
      125 | })
        at /home/addy/code/patra-saar/apps/web/e2e/chat-auth-guard.spec.ts:122:59

    attachment #1: screenshot (image/png) ──────────────────────────────────────────────────────────
    ../test-results/chat-auth-guard-Chat-Page--c860d-s-existing-chats-in-sidebar-chromium/test-failed-1.png
    ────────────────────────────────────────────────────────────────────────────────────────────────

    attachment #2: video (video/webm) ──────────────────────────────────────────────────────────────
    ../test-results/chat-auth-guard-Chat-Page--c860d-s-existing-chats-in-sidebar-chromium/video.webm
    ────────────────────────────────────────────────────────────────────────────────────────────────

    Error Context: ../test-results/chat-auth-guard-Chat-Page--c860d-s-existing-chats-in-sidebar-chromium/error-context.md

    Retry #1 ───────────────────────────────────────────────────────────────────────────────────────

    Error: expect(locator).toBeVisible() failed

    Locator: getByText('IPC Section 420 Query')
    Expected: visible
    Timeout: 8000ms
    Error: element(s) not found

    Call log:
      - Expect "toBeVisible" with timeout 8000ms
      - waiting for getByText('IPC Section 420 Query')


      120 |
      121 |     await page.goto('/chat')
    > 122 |     await expect(page.getByText('IPC Section 420 Query')).toBeVisible()
          |                                                           ^
      123 |     await expect(page.getByText('Employment Contract Review')).toBeVisible()
      124 |   })
      125 | })
        at /home/addy/code/patra-saar/apps/web/e2e/chat-auth-guard.spec.ts:122:59

    attachment #1: screenshot (image/png) ──────────────────────────────────────────────────────────
    ../test-results/chat-auth-guard-Chat-Page--c860d-s-existing-chats-in-sidebar-chromium-retry1/test-failed-1.png
    ────────────────────────────────────────────────────────────────────────────────────────────────

    attachment #2: video (video/webm) ──────────────────────────────────────────────────────────────
    ../test-results/chat-auth-guard-Chat-Page--c860d-s-existing-chats-in-sidebar-chromium-retry1/video.webm
    ────────────────────────────────────────────────────────────────────────────────────────────────

    Error Context: ../test-results/chat-auth-guard-Chat-Page--c860d-s-existing-chats-in-sidebar-chromium-retry1/error-context.md

    attachment #4: trace (application/zip) ─────────────────────────────────────────────────────────
    ../test-results/chat-auth-guard-Chat-Page--c860d-s-existing-chats-in-sidebar-chromium-retry1/trace.zip
    Usage:

        npx playwright show-trace ../test-results/chat-auth-guard-Chat-Page--c860d-s-existing-chats-in-sidebar-chromium-retry1/trace.zip

    ────────────────────────────────────────────────────────────────────────────────────────────────
]]>
</failure>
</testcase>
</testsuite>
</testsuites>